<?xml version="1.0" encoding="UTF-8"?>
<!-- Generated by org.testng.reporters.JUnitReportReporter -->
<testsuite hostname="LAPTOP-CBEGCFEL" failures="2" tests="4" name="runner.TestNgRunner" time="29.077" errors="0" timestamp="2024-02-22T15:25:53 IST" skipped="0">
  <testcase classname="runner.TestNgRunner" name="runScenario" time="8.630"/>
  <system-out/>
  <testcase classname="runner.TestNgRunner" name="runScenario" time="6.257">
    <failure message="Only registered users can vote." type="junit.framework.AssertionFailedError">
      <![CDATA[junit.framework.AssertionFailedError: Only registered users can vote.
at junit.framework.Assert.fail(Assert.java:57)
at junit.framework.Assert.assertTrue(Assert.java:22)
at junit.framework.Assert.assertFalse(Assert.java:39)
at steps.CommunitypollStepdef.click_on_vote_button(CommunitypollStepdef.java:69)
at ✽.Click on vote button(file:///C:/Community_Poll/Com_poll/src/test/java/feature/com_poll.feature:11)
]]>
    </failure>
  </testcase> <!-- runScenario -->
  <system-out/>
  <testcase classname="runner.TestNgRunner" name="runScenario" time="7.028">
    <failure message="7494 vote(s)..." type="junit.framework.AssertionFailedError">
      <![CDATA[junit.framework.AssertionFailedError: 7494 vote(s)...
at junit.framework.Assert.fail(Assert.java:57)
at junit.framework.Assert.assertTrue(Assert.java:22)
at junit.framework.Assert.assertFalse(Assert.java:39)
at steps.CommunitypollStepdef.user_select_one_option_from_poll_and_vote(CommunitypollStepdef.java:93)
at ✽.User select one option from poll and vote(file:///C:/Community_Poll/Com_poll/src/test/java/feature/com_poll.feature:15)
]]>
    </failure>
  </testcase> <!-- runScenario -->
  <system-out/>
  <testcase classname="runner.TestNgRunner" name="runScenario" time="7.162"/>
  <system-out/>
</testsuite> <!-- runner.TestNgRunner -->
